<?xml version="1.0" encoding="UTF-8"?>
<!-- Generated by org.testng.reporters.JUnitXMLReporter -->
<testsuite ignored="0" hostname="SHANKAR-PC" failures="0" tests="9" name="Free CRM App Test" time="0.059" errors="0" timestamp="13 Aug 2022 15:55:35 GMT">
  <testcase classname="com.crm.qa.testcaes.LoginPageTest" name="@BeforeMethod setUp" time="0.006">
    <failure type="java.lang.NullPointerException" message="Cannot invoke &amp;quot;String.equals(Object)&amp;quot; because &amp;quot;browserName&amp;quot; is null">
      <![CDATA[java.lang.NullPointerException: Cannot invoke "String.equals(Object)" because "browserName" is null
	at com.crm.qa.base.TestBase.initialization(TestBase.java:44)
	at com.crm.qa.testcaes.LoginPageTest.setUp(LoginPageTest.java:23)
... Removed 27 stack frames]]>
    </failure>
  </testcase> <!-- @BeforeMethod setUp -->
  <testcase classname="com.crm.qa.testcaes.HomePageTest" name="@BeforeMethod setUp" time="0.001">
    <failure type="java.lang.NullPointerException" message="Cannot invoke &amp;quot;String.equals(Object)&amp;quot; because &amp;quot;browserName&amp;quot; is null">
      <![CDATA[java.lang.NullPointerException: Cannot invoke "String.equals(Object)" because "browserName" is null
	at com.crm.qa.base.TestBase.initialization(TestBase.java:44)
	at com.crm.qa.testcaes.HomePageTest.setUp(HomePageTest.java:32)
... Removed 27 stack frames]]>
    </failure>
  </testcase> <!-- @BeforeMethod setUp -->
  <testcase classname="com.crm.qa.testcaes.ContactsPageTest" name="@BeforeMethod setUp" time="0.001">
    <failure type="java.lang.NullPointerException" message="Cannot invoke &amp;quot;String.equals(Object)&amp;quot; because &amp;quot;browserName&amp;quot; is null">
      <![CDATA[java.lang.NullPointerException: Cannot invoke "String.equals(Object)" because "browserName" is null
	at com.crm.qa.base.TestBase.initialization(TestBase.java:44)
	at com.crm.qa.testcaes.ContactsPageTest.setUp(ContactsPageTest.java:35)
... Removed 27 stack frames]]>
    </failure>
  </testcase> <!-- @BeforeMethod setUp -->
  <testcase classname="com.crm.qa.testcaes.LoginPageTest" name="@BeforeMethod setUp" time="0.0">
    <skipped/>
  </testcase> <!-- @BeforeMethod setUp -->
  <testcase classname="com.crm.qa.testcaes.HomePageTest" name="@BeforeMethod setUp" time="0.0">
    <skipped/>
  </testcase> <!-- @BeforeMethod setUp -->
  <testcase classname="com.crm.qa.testcaes.LoginPageTest" name="@BeforeMethod setUp" time="0.0">
    <skipped/>
  </testcase> <!-- @BeforeMethod setUp -->
  <testcase classname="com.crm.qa.testcaes.HomePageTest" name="@BeforeMethod setUp" time="0.0">
    <skipped/>
  </testcase> <!-- @BeforeMethod setUp -->
  <testcase classname="com.crm.qa.testcaes.ContactsPageTest" name="@BeforeMethod setUp" time="0.0">
    <skipped/>
  </testcase> <!-- @BeforeMethod setUp -->
  <testcase classname="com.crm.qa.testcaes.LoginPageTest" name="loginPageTitleTest" time="0.0">
    <skipped/>
  </testcase> <!-- loginPageTitleTest -->
  <testcase classname="com.crm.qa.testcaes.HomePageTest" name="verifyHomePageTitleTest" time="0.0">
    <skipped/>
  </testcase> <!-- verifyHomePageTitleTest -->
  <testcase classname="com.crm.qa.testcaes.ContactsPageTest" name="verifyContactsPageLabel" time="0.0">
    <skipped/>
  </testcase> <!-- verifyContactsPageLabel -->
  <testcase classname="com.crm.qa.testcaes.LoginPageTest" name="crmLogoImageTest" time="0.0">
    <skipped/>
  </testcase> <!-- crmLogoImageTest -->
  <testcase classname="com.crm.qa.testcaes.HomePageTest" name="verifyUserNameTest" time="0.0">
    <skipped/>
  </testcase> <!-- verifyUserNameTest -->
  <testcase classname="com.crm.qa.testcaes.LoginPageTest" name="loginTest" time="0.0">
    <skipped/>
  </testcase> <!-- loginTest -->
  <testcase classname="com.crm.qa.testcaes.HomePageTest" name="verifyContactsLinkTest" time="0.0">
    <skipped/>
  </testcase> <!-- verifyContactsLinkTest -->
  <testcase classname="com.crm.qa.testcaes.ContactsPageTest" name="selectMultipleContactsTest" time="0.0">
    <skipped/>
  </testcase> <!-- selectMultipleContactsTest -->
  <testcase classname="com.crm.qa.testcaes.ContactsPageTest" name="validateCreateNewContact" time="0.0">
    <skipped/>
  </testcase> <!-- validateCreateNewContact -->
</testsuite> <!-- Free CRM App Test -->
