<?xml version="1.0" encoding="UTF-8"?>
<!-- Generated by org.testng.reporters.JUnitXMLReporter -->
<testsuite ignored="0" hostname="SHANKAR-PC" failures="0" tests="3" name="Default test" time="42.798" errors="0" timestamp="13 Aug 2022 15:57:53 GMT">
  <testcase classname="com.crm.qa.testcaes.LoginPageTest" name="loginPageTitleTest" time="0.027"/>
  <testcase classname="com.crm.qa.testcaes.LoginPageTest" name="crmLogoImageTest" time="0.084"/>
  <testcase classname="com.crm.qa.testcaes.LoginPageTest" name="loginTest" time="9.844"/>
</testsuite> <!-- Default test -->
